exit 0
Cloning https://github.com/cloudposse/build-harness.git#master...
Installing packages 0.133.0...
mkdir -p /Users/marcinbranski/workspace/cloudposse.github-automated-workflow/2020-08-31-readme-build3/mp/terraform-aws-sns-topic/plan/planned/build-harness/vendor
curl --retry 3 --retry-delay 5 --fail -sSL -o /Users/marcinbranski/workspace/cloudposse.github-automated-workflow/2020-08-31-readme-build3/mp/terraform-aws-sns-topic/plan/planned/build-harness/vendor/gomplate https://github.com/hairyhenderson/gomplate/releases/download/v3.7.0/gomplate_darwin-amd64-slim && chmod +x /Users/marcinbranski/workspace/cloudposse.github-automated-workflow/2020-08-31-readme-build3/mp/terraform-aws-sns-topic/plan/planned/build-harness/vendor/gomplate
mkdir -p /Users/marcinbranski/workspace/cloudposse.github-automated-workflow/2020-08-31-readme-build3/mp/terraform-aws-sns-topic/plan/planned/build-harness/vendor
curl --retry 3 --retry-delay 5 --fail -sSL -o /Users/marcinbranski/workspace/cloudposse.github-automated-workflow/2020-08-31-readme-build3/mp/terraform-aws-sns-topic/plan/planned/build-harness/vendor/terraform-docs https://github.com/segmentio/terraform-docs/releases/download/v0.9.1/terraform-docs-v0.9.1-darwin-amd64 && chmod +x /Users/marcinbranski/workspace/cloudposse.github-automated-workflow/2020-08-31-readme-build3/mp/terraform-aws-sns-topic/plan/planned/build-harness/vendor/terraform-docs
Generated README.md from /Users/marcinbranski/workspace/cloudposse.github-automated-workflow/2020-08-31-readme-build3/mp/terraform-aws-sns-topic/plan/planned/build-harness/templates/README.md.gotmpl using data from /Users/marcinbranski/workspace/cloudposse.github-automated-workflow/2020-08-31-readme-build3/mp/terraform-aws-sns-topic/plan/planned/build-harness/templates/README.yaml
exit 0
Cloning https://github.com/cloudposse/build-harness.git#master...
mkdir -p .github/
cp /Users/marcinbranski/workspace/cloudposse.github-automated-workflow/2020-08-31-github-init/mp/terraform-aws-sns-topic/plan/planned/build-harness/templates/.github/CODEOWNERS .github/CODEOWNERS
git ls-files --error-unmatch .github/CODEOWNERS 2>/dev/null || git add .github/CODEOWNERS
.github/CODEOWNERS
mkdir -p .github/
cp /Users/marcinbranski/workspace/cloudposse.github-automated-workflow/2020-08-31-github-init/mp/terraform-aws-sns-topic/plan/planned/build-harness/templates/.github/PULL_REQUEST_TEMPLATE.md .github/PULL_REQUEST_TEMPLATE.md
git ls-files --error-unmatch .github/PULL_REQUEST_TEMPLATE.md 2>/dev/null || git add .github/PULL_REQUEST_TEMPLATE.md
.github/PULL_REQUEST_TEMPLATE.md
mkdir -p .github/ISSUE_TEMPLATE/
cp /Users/marcinbranski/workspace/cloudposse.github-automated-workflow/2020-08-31-github-init/mp/terraform-aws-sns-topic/plan/planned/build-harness/templates/.github/ISSUE_TEMPLATE/config.yml .github/ISSUE_TEMPLATE/config.yml
git ls-files --error-unmatch .github/ISSUE_TEMPLATE/config.yml 2>/dev/null || git add .github/ISSUE_TEMPLATE/config.yml
.github/ISSUE_TEMPLATE/config.yml
mkdir -p .github/ISSUE_TEMPLATE/
cp /Users/marcinbranski/workspace/cloudposse.github-automated-workflow/2020-08-31-github-init/mp/terraform-aws-sns-topic/plan/planned/build-harness/templates/.github/ISSUE_TEMPLATE/feature_request.md .github/ISSUE_TEMPLATE/feature_request.md
git ls-files --error-unmatch .github/ISSUE_TEMPLATE/feature_request.md 2>/dev/null || git add .github/ISSUE_TEMPLATE/feature_request.md
.github/ISSUE_TEMPLATE/feature_request.md
mkdir -p .github/ISSUE_TEMPLATE/
cp /Users/marcinbranski/workspace/cloudposse.github-automated-workflow/2020-08-31-github-init/mp/terraform-aws-sns-topic/plan/planned/build-harness/templates/.github/ISSUE_TEMPLATE/bug_report.md .github/ISSUE_TEMPLATE/bug_report.md
git ls-files --error-unmatch .github/ISSUE_TEMPLATE/bug_report.md 2>/dev/null || git add .github/ISSUE_TEMPLATE/bug_report.md
.github/ISSUE_TEMPLATE/bug_report.md
mkdir -p .github/ISSUE_TEMPLATE/
cp /Users/marcinbranski/workspace/cloudposse.github-automated-workflow/2020-08-31-github-init/mp/terraform-aws-sns-topic/plan/planned/build-harness/templates/.github/ISSUE_TEMPLATE/question.md .github/ISSUE_TEMPLATE/question.md
git ls-files --error-unmatch .github/ISSUE_TEMPLATE/question.md 2>/dev/null || git add .github/ISSUE_TEMPLATE/question.md
.github/ISSUE_TEMPLATE/question.md
mkdir -p .github/
cp /Users/marcinbranski/workspace/cloudposse.github-automated-workflow/2020-08-31-github-init/mp/terraform-aws-sns-topic/plan/planned/build-harness/templates/.github/auto-release.yml .github/auto-release.yml
git ls-files --error-unmatch .github/auto-release.yml 2>/dev/null || git add .github/auto-release.yml
mkdir -p .github/workflows/
cp /Users/marcinbranski/workspace/cloudposse.github-automated-workflow/2020-08-31-github-init/mp/terraform-aws-sns-topic/plan/planned/build-harness/templates/.github/workflows/auto-release.yml .github/workflows/auto-release.yml
git ls-files --error-unmatch .github/workflows/auto-release.yml 2>/dev/null || git add .github/workflows/auto-release.yml
.github/workflows/auto-release.yml
mkdir -p .github/workflows/
cp /Users/marcinbranski/workspace/cloudposse.github-automated-workflow/2020-08-31-github-init/mp/terraform-aws-sns-topic/plan/planned/build-harness/templates/.github/workflows/chatops.yml .github/workflows/chatops.yml
git ls-files --error-unmatch .github/workflows/chatops.yml 2>/dev/null || git add .github/workflows/chatops.yml
.github/workflows/chatops.yml
exit 0
Cloning https://github.com/cloudposse/build-harness.git#master...
mkdir -p .github/
cp /Users/marcinbranski/workspace/cloudposse.github-automated-workflow/2020-08-31-github-init-2/mp/terraform-aws-sns-topic/plan/planned/build-harness/templates/.github/CODEOWNERS .github/CODEOWNERS
git ls-files --error-unmatch .github/CODEOWNERS 2>/dev/null || git add .github/CODEOWNERS
.github/CODEOWNERS
mkdir -p .github/
cp /Users/marcinbranski/workspace/cloudposse.github-automated-workflow/2020-08-31-github-init-2/mp/terraform-aws-sns-topic/plan/planned/build-harness/templates/.github/PULL_REQUEST_TEMPLATE.md .github/PULL_REQUEST_TEMPLATE.md
git ls-files --error-unmatch .github/PULL_REQUEST_TEMPLATE.md 2>/dev/null || git add .github/PULL_REQUEST_TEMPLATE.md
.github/PULL_REQUEST_TEMPLATE.md
mkdir -p .github/ISSUE_TEMPLATE/
cp /Users/marcinbranski/workspace/cloudposse.github-automated-workflow/2020-08-31-github-init-2/mp/terraform-aws-sns-topic/plan/planned/build-harness/templates/.github/ISSUE_TEMPLATE/config.yml .github/ISSUE_TEMPLATE/config.yml
git ls-files --error-unmatch .github/ISSUE_TEMPLATE/config.yml 2>/dev/null || git add .github/ISSUE_TEMPLATE/config.yml
.github/ISSUE_TEMPLATE/config.yml
mkdir -p .github/ISSUE_TEMPLATE/
cp /Users/marcinbranski/workspace/cloudposse.github-automated-workflow/2020-08-31-github-init-2/mp/terraform-aws-sns-topic/plan/planned/build-harness/templates/.github/ISSUE_TEMPLATE/feature_request.md .github/ISSUE_TEMPLATE/feature_request.md
git ls-files --error-unmatch .github/ISSUE_TEMPLATE/feature_request.md 2>/dev/null || git add .github/ISSUE_TEMPLATE/feature_request.md
.github/ISSUE_TEMPLATE/feature_request.md
mkdir -p .github/ISSUE_TEMPLATE/
cp /Users/marcinbranski/workspace/cloudposse.github-automated-workflow/2020-08-31-github-init-2/mp/terraform-aws-sns-topic/plan/planned/build-harness/templates/.github/ISSUE_TEMPLATE/bug_report.md .github/ISSUE_TEMPLATE/bug_report.md
git ls-files --error-unmatch .github/ISSUE_TEMPLATE/bug_report.md 2>/dev/null || git add .github/ISSUE_TEMPLATE/bug_report.md
.github/ISSUE_TEMPLATE/bug_report.md
mkdir -p .github/ISSUE_TEMPLATE/
cp /Users/marcinbranski/workspace/cloudposse.github-automated-workflow/2020-08-31-github-init-2/mp/terraform-aws-sns-topic/plan/planned/build-harness/templates/.github/ISSUE_TEMPLATE/question.md .github/ISSUE_TEMPLATE/question.md
git ls-files --error-unmatch .github/ISSUE_TEMPLATE/question.md 2>/dev/null || git add .github/ISSUE_TEMPLATE/question.md
.github/ISSUE_TEMPLATE/question.md
mkdir -p .github/
cp /Users/marcinbranski/workspace/cloudposse.github-automated-workflow/2020-08-31-github-init-2/mp/terraform-aws-sns-topic/plan/planned/build-harness/templates/.github/auto-release.yml .github/auto-release.yml
git ls-files --error-unmatch .github/auto-release.yml 2>/dev/null || git add .github/auto-release.yml
.github/auto-release.yml
mkdir -p .github/workflows/
cp /Users/marcinbranski/workspace/cloudposse.github-automated-workflow/2020-08-31-github-init-2/mp/terraform-aws-sns-topic/plan/planned/build-harness/templates/.github/workflows/auto-release.yml .github/workflows/auto-release.yml
git ls-files --error-unmatch .github/workflows/auto-release.yml 2>/dev/null || git add .github/workflows/auto-release.yml
.github/workflows/auto-release.yml
mkdir -p .github/workflows/
cp /Users/marcinbranski/workspace/cloudposse.github-automated-workflow/2020-08-31-github-init-2/mp/terraform-aws-sns-topic/plan/planned/build-harness/templates/.github/workflows/chatops.yml .github/workflows/chatops.yml
git ls-files --error-unmatch .github/workflows/chatops.yml 2>/dev/null || git add .github/workflows/chatops.yml
.github/workflows/chatops.yml
